Flutter crash report; please file at https://github.com/flutter/flutter/issues.

## command

flutter pub get

## exception

FileSystemException: FileSystemException: Deletion failed, path = 'D:\FlutterProjects\counter_flutter\.android' (OS Error: The process cannot access the file because it is being used by another process.
, errno = 32)

```
#0      _Directory._deleteSync (dart:io/directory_impl.dart:208:7)
#1      FileSystemEntity.deleteSync (dart:io/file_system_entity.dart:466:47)
#2      ForwardingFileSystemEntity.deleteSync (package:file/src/forwarding/forwarding_file_system_entity.dart:72:16)
#3      _deleteIfExistsSync (package:flutter_tools/src/project.dart:723:15)
#4      AndroidProject._regenerateLibrary (package:flutter_tools/src/project.dart:626:5)
#5      AndroidProject.ensureReadyForPlatformSpecificTooling (package:flutter_tools/src/project.dart:589:7)
#6      FlutterProject.ensureReadyForPlatformSpecificTooling (package:flutter_tools/src/project.dart:210:21)
#7      PackagesGetCommand.runCommand (package:flutter_tools/src/commands/packages.dart:130:23)
<asynchronous suspension>
#8      FlutterCommand.verifyThenRunCommand (package:flutter_tools/src/runner/flutter_command.dart:615:18)
#9      _asyncThenWrapperHelper.<anonymous closure> (dart:async-patch/async_patch.dart:73:64)
#10     _rootRunUnary (dart:async/zone.dart:1134:38)
#11     _CustomZone.runUnary (dart:async/zone.dart:1031:19)
#12     _FutureListener.handleValue (dart:async/future_impl.dart:139:18)
#13     Future._propagateToListeners.handleValueCallback (dart:async/future_impl.dart:680:45)
#14     Future._propagateToListeners (dart:async/future_impl.dart:709:32)
#15     Future._completeWithValue (dart:async/future_impl.dart:524:5)
#16     Future._asyncComplete.<anonymous closure> (dart:async/future_impl.dart:554:7)
#17     _rootRun (dart:async/zone.dart:1126:13)
#18     _CustomZone.run (dart:async/zone.dart:1023:19)
#19     _CustomZone.runGuarded (dart:async/zone.dart:925:7)
#20     _CustomZone.bindCallbackGuarded.<anonymous closure> (dart:async/zone.dart:965:23)
#21     _microtaskLoop (dart:async/schedule_microtask.dart:43:21)
#22     _startMicrotaskLoop (dart:async/schedule_microtask.dart:52:5)
#23     _runPendingImmediateCallback (dart:isolate-patch/isolate_patch.dart:118:13)
#24     _RawReceivePortImpl._handleMessage (dart:isolate-patch/isolate_patch.dart:175:5)
```

## flutter doctor

```
[✓] Flutter (Channel stable, v1.12.13+hotfix.8, on Microsoft Windows [Version 10.0.19041.630], locale en-US)
    • Flutter version 1.12.13+hotfix.8 at D:\DEVELOPMENT\flutter
    • Framework revision 0b8abb4724 (10 months ago), 2020-02-11 11:44:36 -0800
    • Engine revision e1e6ced81d
    • Dart version 2.7.0

[✓] Android toolchain - develop for Android devices (Android SDK version 30.0.0)
    • Android SDK at C:\Users\Ankita\AppData\Local\Android\Sdk
    • Android NDK location not configured (optional; useful for native profiling support)
    • Platform android-30, build-tools 30.0.0
    • ANDROID_HOME = C:\Users\Ankita\AppData\Local\Android\Sdk
    • Java binary at: C:\Program Files\Java\jdk1.8.0_211\bin\java
    • Java version Java(TM) SE Runtime Environment (build 1.8.0_211-b12)
    • All Android licenses accepted.

[!] Android Studio (not installed)
    • Android Studio not found; download from https://developer.android.com/studio/index.html
      (or visit https://flutter.dev/setup/#android-setup for detailed instructions).

[✓] IntelliJ IDEA Community Edition (version 2019.3)
    • IntelliJ at C:\Program Files\JetBrains\IntelliJ IDEA Community Edition 2019.1.3
    • Flutter plugin version 44.0.3
    • Dart plugin version 193.5731

[✓] VS Code (version 1.51.1)
    • VS Code at C:\Users\Ankita\AppData\Local\Programs\Microsoft VS Code
    • Flutter extension version 3.16.0

[✓] Connected device (1 available)
    • CPH2095 • 9ca776d0 • android-arm64 • Android 10 (API 29)

! Doctor found issues in 1 category.
```
